# JRE version: OpenJDK Runtime Environment Temurin-21.0.8+9 (21.0.8+9) (build 21.0.8+9-LTS)
# Java VM: OpenJDK 64-Bit Server VM Temurin-21.0.8+9 (21.0.8+9-LTS, mixed mode, sharing, tiered, compressed oops, compressed class ptrs, parallel gc, windows-amd64)
GC Precious Log:
 CardTable entry size: 512
 CPUs: 12 total, 12 available
 Memory: 7553M
 Large Page Support: Disabled
 NUMA Support: Disabled
 Compressed Oops: Enabled (32-bit)
 Alignments: Space 512K, Generation 512K, Heap 2M
 Heap Min Capacity: 100M
 Heap Initial Capacity: 100M
 Heap Max Capacity: 2G
 Pre-touch: Disabled
 Parallel Workers: 10
Heap:
 PSYoungGen      total 13824K, used 3248K [0x00000000d5580000, 0x00000000d6800000, 0x0000000100000000)
  eden space 10752K, 9% used [0x00000000d5580000,0x00000000d568b098,0x00000000d6000000)
  from space 3072K, 70% used [0x00000000d6280000,0x00000000d64a1030,0x00000000d6580000)
  to   space 2560K, 0% used [0x00000000d6580000,0x00000000d6580000,0x00000000d6800000)
 ParOldGen       total 756224K, used 756011K [0x0000000080000000, 0x00000000ae280000, 0x00000000d5580000)
  object space 756224K, 99% used [0x0000000080000000,0x00000000ae24aff0,0x00000000ae280000)
 Metaspace       used 72467K, committed 74112K, reserved 1179648K
  class space    used 7742K, committed 8448K, reserved 1048576K
GC Heap History (20 events):
Event: 31.766 GC heap after
{Heap after GC invocations=1030 (full 3):
 PSYoungGen      total 14336K, used 620K [0x00000000d5580000, 0x00000000d6680000, 0x0000000100000000)
  eden space 13312K, 0% used [0x00000000d5580000,0x00000000d5580000,0x00000000d6280000)
  from space 1024K, 60% used [0x00000000d6280000,0x00000000d631b2d8,0x00000000d6380000)
  to   space 1024K, 0% used [0x00000000d6580000,0x00000000d6580000,0x00000000d6680000)
 ParOldGen       total 737280K, used 737259K [0x0000000080000000, 0x00000000ad000000, 0x00000000d5580000)
  object space 737280K, 99% used [0x0000000080000000,0x00000000acffaf68,0x00000000ad000000)
 Metaspace       used 71169K, committed 72768K, reserved 1114112K
  class space    used 7596K, committed 8256K, reserved 1048576K
}
Event: 31.804 GC heap before
{Heap before GC invocations=1031 (full 3):
 PSYoungGen      total 14336K, used 13932K [0x00000000d5580000, 0x00000000d6680000, 0x0000000100000000)
  eden space 13312K, 100% used [0x00000000d5580000,0x00000000d6280000,0x00000000d6280000)
  from space 1024K, 60% used [0x00000000d6280000,0x00000000d631b2d8,0x00000000d6380000)
  to   space 1024K, 0% used [0x00000000d6580000,0x00000000d6580000,0x00000000d6680000)
 ParOldGen       total 737280K, used 737259K [0x0000000080000000, 0x00000000ad000000, 0x00000000d5580000)
  object space 737280K, 99% used [0x0000000080000000,0x00000000acffaf68,0x00000000ad000000)
 Metaspace       used 71170K, committed 72768K, reserved 1114112K
  class space    used 7596K, committed 8256K, reserved 1048576K
}
Event: 31.807 GC heap after
{Heap after GC invocations=1031 (full 3):
 PSYoungGen      total 14336K, used 980K [0x00000000d5580000, 0x00000000d6680000, 0x0000000100000000)
  eden space 13312K, 0% used [0x00000000d5580000,0x00000000d5580000,0x00000000d6280000)
  from space 1024K, 95% used [0x00000000d6580000,0x00000000d6675340,0x00000000d6680000)
  to   space 1536K, 0% used [0x00000000d6380000,0x00000000d6380000,0x00000000d6500000)
 ParOldGen       total 737792K, used 737785K [0x0000000080000000, 0x00000000ad080000, 0x00000000d5580000)
  object space 737792K, 99% used [0x0000000080000000,0x00000000ad07e6f8,0x00000000ad080000)
 Metaspace       used 71170K, committed 72768K, reserved 1114112K
  class space    used 7596K, committed 8256K, reserved 1048576K
}
Event: 31.841 GC heap before
{Heap before GC invocations=1032 (full 3):
 PSYoungGen      total 14336K, used 14292K [0x00000000d5580000, 0x00000000d6680000, 0x0000000100000000)
  eden space 13312K, 100% used [0x00000000d5580000,0x00000000d6280000,0x00000000d6280000)
  from space 1024K, 95% used [0x00000000d6580000,0x00000000d6675340,0x00000000d6680000)
  to   space 1536K, 0% used [0x00000000d6380000,0x00000000d6380000,0x00000000d6500000)
 ParOldGen       total 737792K, used 737785K [0x0000000080000000, 0x00000000ad080000, 0x00000000d5580000)
  object space 737792K, 99% used [0x0000000080000000,0x00000000ad07e6f8,0x00000000ad080000)
 Metaspace       used 71170K, committed 72768K, reserved 1114112K
  class space    used 7596K, committed 8256K, reserved 1048576K
}
Event: 31.843 GC heap after
{Heap after GC invocations=1032 (full 3):
 PSYoungGen      total 14848K, used 975K [0x00000000d5580000, 0x00000000d6600000, 0x0000000100000000)
  eden space 13312K, 0% used [0x00000000d5580000,0x00000000d5580000,0x00000000d6280000)
  from space 1536K, 63% used [0x00000000d6380000,0x00000000d6473de0,0x00000000d6500000)
  to   space 1024K, 0% used [0x00000000d6500000,0x00000000d6500000,0x00000000d6600000)
 ParOldGen       total 738816K, used 738558K [0x0000000080000000, 0x00000000ad180000, 0x00000000d5580000)
  object space 738816K, 99% used [0x0000000080000000,0x00000000ad13fb38,0x00000000ad180000)
 Metaspace       used 71170K, committed 72768K, reserved 1114112K
  class space    used 7596K, committed 8256K, reserved 1048576K
}
Event: 32.053 GC heap before
{Heap before GC invocations=1033 (full 3):
 PSYoungGen      total 14848K, used 14287K [0x00000000d5580000, 0x00000000d6600000, 0x0000000100000000)
  eden space 13312K, 100% used [0x00000000d5580000,0x00000000d6280000,0x00000000d6280000)
  from space 1536K, 63% used [0x00000000d6380000,0x00000000d6473de0,0x00000000d6500000)
  to   space 1024K, 0% used [0x00000000d6500000,0x00000000d6500000,0x00000000d6600000)
 ParOldGen       total 738816K, used 738558K [0x0000000080000000, 0x00000000ad180000, 0x00000000d5580000)
  object space 738816K, 99% used [0x0000000080000000,0x00000000ad13fb38,0x00000000ad180000)
 Metaspace       used 71288K, committed 72832K, reserved 1114112K
  class space    used 7605K, committed 8256K, reserved 1048576K
}
Event: 32.058 GC heap after
{Heap after GC invocations=1033 (full 3):
 PSYoungGen      total 11776K, used 992K [0x00000000d5580000, 0x00000000d6c80000, 0x0000000100000000)
  eden space 10752K, 0% used [0x00000000d5580000,0x00000000d5580000,0x00000000d6000000)
  from space 1024K, 96% used [0x00000000d6500000,0x00000000d65f82d0,0x00000000d6600000)
  to   space 5120K, 0% used [0x00000000d6000000,0x00000000d6000000,0x00000000d6500000)
 ParOldGen       total 741888K, used 741772K [0x0000000080000000, 0x00000000ad480000, 0x00000000d5580000)
  object space 741888K, 99% used [0x0000000080000000,0x00000000ad463218,0x00000000ad480000)
 Metaspace       used 71288K, committed 72832K, reserved 1114112K
  class space    used 7605K, committed 8256K, reserved 1048576K
}
Event: 32.150 GC heap before
{Heap before GC invocations=1034 (full 3):
 PSYoungGen      total 11776K, used 11744K [0x00000000d5580000, 0x00000000d6c80000, 0x0000000100000000)
  eden space 10752K, 100% used [0x00000000d5580000,0x00000000d6000000,0x00000000d6000000)
  from space 1024K, 96% used [0x00000000d6500000,0x00000000d65f82d0,0x00000000d6600000)
  to   space 5120K, 0% used [0x00000000d6000000,0x00000000d6000000,0x00000000d6500000)
 ParOldGen       total 741888K, used 741772K [0x0000000080000000, 0x00000000ad480000, 0x00000000d5580000)
  object space 741888K, 99% used [0x0000000080000000,0x00000000ad463218,0x00000000ad480000)
 Metaspace       used 71419K, committed 72960K, reserved 1114112K
  class space    used 7605K, committed 8256K, reserved 1048576K
}
Event: 32.152 GC heap after
{Heap after GC invocations=1034 (full 3):
 PSYoungGen      total 12288K, used 1392K [0x00000000d5580000, 0x00000000d6580000, 0x0000000100000000)
  eden space 10752K, 0% used [0x00000000d5580000,0x00000000d5580000,0x00000000d6000000)
  from space 1536K, 90% used [0x00000000d6000000,0x00000000d615c010,0x00000000d6180000)
  to   space 2560K, 0% used [0x00000000d6300000,0x00000000d6300000,0x00000000d6580000)
 ParOldGen       total 742912K, used 742754K [0x0000000080000000, 0x00000000ad580000, 0x00000000d5580000)
  object space 742912K, 99% used [0x0000000080000000,0x00000000ad5588c8,0x00000000ad580000)
 Metaspace       used 71419K, committed 72960K, reserved 1114112K
  class space    used 7605K, committed 8256K, reserved 1048576K
}
Event: 32.271 GC heap before
{Heap before GC invocations=1035 (full 3):
 PSYoungGen      total 12288K, used 12144K [0x00000000d5580000, 0x00000000d6580000, 0x0000000100000000)
  eden space 10752K, 100% used [0x00000000d5580000,0x00000000d6000000,0x00000000d6000000)
  from space 1536K, 90% used [0x00000000d6000000,0x00000000d615c010,0x00000000d6180000)
  to   space 2560K, 0% used [0x00000000d6300000,0x00000000d6300000,0x00000000d6580000)
 ParOldGen       total 742912K, used 742754K [0x0000000080000000, 0x00000000ad580000, 0x00000000d5580000)
  object space 742912K, 99% used [0x0000000080000000,0x00000000ad5588c8,0x00000000ad580000)
 Metaspace       used 71492K, committed 73024K, reserved 1114112K
  class space    used 7606K, committed 8256K, reserved 1048576K
}
Event: 32.274 GC heap after
{Heap after GC invocations=1035 (full 3):
 PSYoungGen      total 12288K, used 1067K [0x00000000d5580000, 0x00000000d6480000, 0x0000000100000000)
  eden space 10752K, 0% used [0x00000000d5580000,0x00000000d5580000,0x00000000d6000000)
  from space 1536K, 69% used [0x00000000d6300000,0x00000000d640af90,0x00000000d6480000)
  to   space 1536K, 0% used [0x00000000d6000000,0x00000000d6000000,0x00000000d6180000)
 ParOldGen       total 743424K, used 743098K [0x0000000080000000, 0x00000000ad600000, 0x00000000d5580000)
  object space 743424K, 99% used [0x0000000080000000,0x00000000ad5ae8c8,0x00000000ad600000)
 Metaspace       used 71492K, committed 73024K, reserved 1114112K
  class space    used 7606K, committed 8256K, reserved 1048576K
}
Event: 32.312 GC heap before
{Heap before GC invocations=1036 (full 3):
 PSYoungGen      total 12288K, used 11817K [0x00000000d5580000, 0x00000000d6480000, 0x0000000100000000)
  eden space 10752K, 99% used [0x00000000d5580000,0x00000000d5fff7a0,0x00000000d6000000)
  from space 1536K, 69% used [0x00000000d6300000,0x00000000d640af90,0x00000000d6480000)
  to   space 1536K, 0% used [0x00000000d6000000,0x00000000d6000000,0x00000000d6180000)
 ParOldGen       total 743424K, used 743098K [0x0000000080000000, 0x00000000ad600000, 0x00000000d5580000)
  object space 743424K, 99% used [0x0000000080000000,0x00000000ad5ae8c8,0x00000000ad600000)
 Metaspace       used 71577K, committed 73088K, reserved 1114112K
  class space    used 7620K, committed 8256K, reserved 1048576K
}
Event: 32.317 GC heap after
{Heap after GC invocations=1036 (full 3):
 PSYoungGen      total 12288K, used 1536K [0x00000000d5580000, 0x00000000d6f00000, 0x0000000100000000)
  eden space 10752K, 0% used [0x00000000d5580000,0x00000000d5580000,0x00000000d6000000)
  from space 1536K, 100% used [0x00000000d6000000,0x00000000d6180000,0x00000000d6180000)
  to   space 7680K, 0% used [0x00000000d6780000,0x00000000d6780000,0x00000000d6f00000)
 ParOldGen       total 748032K, used 748000K [0x0000000080000000, 0x00000000ada80000, 0x00000000d5580000)
  object space 748032K, 99% used [0x0000000080000000,0x00000000ada78320,0x00000000ada80000)
 Metaspace       used 71577K, committed 73088K, reserved 1114112K
  class space    used 7620K, committed 8256K, reserved 1048576K
}
Event: 32.395 GC heap before
{Heap before GC invocations=1037 (full 3):
 PSYoungGen      total 12288K, used 12281K [0x00000000d5580000, 0x00000000d6f00000, 0x0000000100000000)
  eden space 10752K, 99% used [0x00000000d5580000,0x00000000d5ffe418,0x00000000d6000000)
  from space 1536K, 100% used [0x00000000d6000000,0x00000000d6180000,0x00000000d6180000)
  to   space 7680K, 0% used [0x00000000d6780000,0x00000000d6780000,0x00000000d6f00000)
 ParOldGen       total 748032K, used 748000K [0x0000000080000000, 0x00000000ada80000, 0x00000000d5580000)
  object space 748032K, 99% used [0x0000000080000000,0x00000000ada78320,0x00000000ada80000)
 Metaspace       used 72110K, committed 73728K, reserved 1179648K
  class space    used 7688K, committed 8384K, reserved 1048576K
}
Event: 32.398 GC heap after
{Heap after GC invocations=1037 (full 3):
 PSYoungGen      total 11776K, used 775K [0x00000000d5580000, 0x00000000d6880000, 0x0000000100000000)
  eden space 10752K, 0% used [0x00000000d5580000,0x00000000d5580000,0x00000000d6000000)
  from space 1024K, 75% used [0x00000000d6780000,0x00000000d6841ed0,0x00000000d6880000)
  to   space 3072K, 0% used [0x00000000d6280000,0x00000000d6280000,0x00000000d6580000)
 ParOldGen       total 749568K, used 749549K [0x0000000080000000, 0x00000000adc00000, 0x00000000d5580000)
  object space 749568K, 99% used [0x0000000080000000,0x00000000adbfb658,0x00000000adc00000)
 Metaspace       used 72110K, committed 73728K, reserved 1179648K
  class space    used 7688K, committed 8384K, reserved 1048576K
}
Event: 32.420 GC heap before
{Heap before GC invocations=1038 (full 3):
 PSYoungGen      total 11776K, used 11527K [0x00000000d5580000, 0x00000000d6880000, 0x0000000100000000)
  eden space 10752K, 100% used [0x00000000d5580000,0x00000000d6000000,0x00000000d6000000)
  from space 1024K, 75% used [0x00000000d6780000,0x00000000d6841ed0,0x00000000d6880000)
  to   space 3072K, 0% used [0x00000000d6280000,0x00000000d6280000,0x00000000d6580000)
 ParOldGen       total 749568K, used 749549K [0x0000000080000000, 0x00000000adc00000, 0x00000000d5580000)
  object space 749568K, 99% used [0x0000000080000000,0x00000000adbfb658,0x00000000adc00000)
 Metaspace       used 72246K, committed 73856K, reserved 1179648K
  class space    used 7699K, committed 8384K, reserved 1048576K
}
Event: 32.423 GC heap after
{Heap after GC invocations=1038 (full 3):
 PSYoungGen      total 13824K, used 2717K [0x00000000d5580000, 0x00000000d6800000, 0x0000000100000000)
  eden space 10752K, 0% used [0x00000000d5580000,0x00000000d5580000,0x00000000d6000000)
  from space 3072K, 88% used [0x00000000d6280000,0x00000000d65277b0,0x00000000d6580000)
  to   space 2560K, 0% used [0x00000000d6580000,0x00000000d6580000,0x00000000d6800000)
 ParOldGen       total 750592K, used 750118K [0x0000000080000000, 0x00000000add00000, 0x00000000d5580000)
  object space 750592K, 99% used [0x0000000080000000,0x00000000adc89b40,0x00000000add00000)
 Metaspace       used 72246K, committed 73856K, reserved 1179648K
  class space    used 7699K, committed 8384K, reserved 1048576K
}
Event: 32.445 GC heap before
{Heap before GC invocations=1039 (full 3):
 PSYoungGen      total 13824K, used 13464K [0x00000000d5580000, 0x00000000d6800000, 0x0000000100000000)
  eden space 10752K, 99% used [0x00000000d5580000,0x00000000d5ffec28,0x00000000d6000000)
  from space 3072K, 88% used [0x00000000d6280000,0x00000000d65277b0,0x00000000d6580000)
  to   space 2560K, 0% used [0x00000000d6580000,0x00000000d6580000,0x00000000d6800000)
 ParOldGen       total 750592K, used 750118K [0x0000000080000000, 0x00000000add00000, 0x00000000d5580000)
  object space 750592K, 99% used [0x0000000080000000,0x00000000adc89b40,0x00000000add00000)
 Metaspace       used 72246K, committed 73856K, reserved 1179648K
  class space    used 7699K, committed 8384K, reserved 1048576K
}
Event: 32.449 GC heap after
{Heap after GC invocations=1039 (full 3):
 PSYoungGen      total 13312K, used 2550K [0x00000000d5580000, 0x00000000d6800000, 0x0000000100000000)
  eden space 10752K, 0% used [0x00000000d5580000,0x00000000d5580000,0x00000000d6000000)
  from space 2560K, 99% used [0x00000000d6580000,0x00000000d67fd818,0x00000000d6800000)
  to   space 3072K, 0% used [0x00000000d6280000,0x00000000d6280000,0x00000000d6580000)
 ParOldGen       total 756224K, used 755859K [0x0000000080000000, 0x00000000ae280000, 0x00000000d5580000)
  object space 756224K, 99% used [0x0000000080000000,0x00000000ae224ff0,0x00000000ae280000)
 Metaspace       used 72246K, committed 73856K, reserved 1179648K
  class space    used 7699K, committed 8384K, reserved 1048576K
}
Event: 32.597 GC heap before
{Heap before GC invocations=1040 (full 3):
 PSYoungGen      total 13312K, used 13277K [0x00000000d5580000, 0x00000000d6800000, 0x0000000100000000)
  eden space 10752K, 99% used [0x00000000d5580000,0x00000000d5ff9c30,0x00000000d6000000)
  from space 2560K, 99% used [0x00000000d6580000,0x00000000d67fd818,0x00000000d6800000)
  to   space 3072K, 0% used [0x00000000d6280000,0x00000000d6280000,0x00000000d6580000)
 ParOldGen       total 756224K, used 755859K [0x0000000080000000, 0x00000000ae280000, 0x00000000d5580000)
  object space 756224K, 99% used [0x0000000080000000,0x00000000ae224ff0,0x00000000ae280000)
 Metaspace       used 72430K, committed 74048K, reserved 1179648K
  class space    used 7737K, committed 8448K, reserved 1048576K
}

